# JRE version: OpenJDK Runtime Environment (8.0_112-b06) (build 1.8.0_112-release-b06)
# Java VM: OpenJDK 64-Bit Server VM (25.112-b06 mixed mode windows-amd64 compressed oops)
Heap:
 PSYoungGen      total 99840K, used 58671K [0x00000000e0000000, 0x00000000e7300000, 0x0000000100000000)
  eden space 91648K, 55% used [0x00000000e0000000,0x00000000e314caf8,0x00000000e5980000)
  from space 8192K, 99% used [0x00000000e6400000,0x00000000e6bff250,0x00000000e6c00000)
  to   space 10752K, 0% used [0x00000000e5980000,0x00000000e5980000,0x00000000e6400000)
 ParOldGen       total 41984K, used 23437K [0x00000000a0000000, 0x00000000a2900000, 0x00000000e0000000)
  object space 41984K, 55% used [0x00000000a0000000,0x00000000a16e3758,0x00000000a2900000)
 Metaspace       used 49420K, capacity 51078K, committed 51200K, reserved 1093632K
  class space    used 6776K, capacity 7145K, committed 7168K, reserved 1048576K
GC Heap History (10 events):
Event: 23.267 GC heap before
{Heap before GC invocations=16 (full 1):
 PSYoungGen      total 61440K, used 25695K [0x00000000e0000000, 0x00000000e4380000, 0x0000000100000000)
  eden space 55808K, 37% used [0x00000000e0000000,0x00000000e14625c8,0x00000000e3680000)
  from space 5632K, 85% used [0x00000000e3e00000,0x00000000e42b57b8,0x00000000e4380000)
  to   space 6656K, 0% used [0x00000000e3680000,0x00000000e3680000,0x00000000e3d00000)
 ParOldGen       total 28672K, used 12869K [0x00000000a0000000, 0x00000000a1c00000, 0x00000000e0000000)
  object space 28672K, 44% used [0x00000000a0000000,0x00000000a0c915a0,0x00000000a1c00000)
 Metaspace       used 34616K, capacity 35250K, committed 35456K, reserved 1079296K
  class space    used 4662K, capacity 4878K, committed 4992K, reserved 1048576K
Event: 23.274 GC heap after
Heap after GC invocations=16 (full 1):
 PSYoungGen      total 62464K, used 1779K [0x00000000e0000000, 0x00000000e5c80000, 0x0000000100000000)
  eden space 55808K, 0% used [0x00000000e0000000,0x00000000e0000000,0x00000000e3680000)
  from space 6656K, 26% used [0x00000000e3680000,0x00000000e383ce80,0x00000000e3d00000)
  to   space 6656K, 0% used [0x00000000e5600000,0x00000000e5600000,0x00000000e5c80000)
 ParOldGen       total 28672K, used 14833K [0x00000000a0000000, 0x00000000a1c00000, 0x00000000e0000000)
  object space 28672K, 51% used [0x00000000a0000000,0x00000000a0e7c5c0,0x00000000a1c00000)
 Metaspace       used 34616K, capacity 35250K, committed 35456K, reserved 1079296K
  class space    used 4662K, capacity 4878K, committed 4992K, reserved 1048576K
}
Event: 23.274 GC heap before
{Heap before GC invocations=17 (full 2):
 PSYoungGen      total 62464K, used 1779K [0x00000000e0000000, 0x00000000e5c80000, 0x0000000100000000)
  eden space 55808K, 0% used [0x00000000e0000000,0x00000000e0000000,0x00000000e3680000)
  from space 6656K, 26% used [0x00000000e3680000,0x00000000e383ce80,0x00000000e3d00000)
  to   space 6656K, 0% used [0x00000000e5600000,0x00000000e5600000,0x00000000e5c80000)
 ParOldGen       total 28672K, used 14833K [0x00000000a0000000, 0x00000000a1c00000, 0x00000000e0000000)
  object space 28672K, 51% used [0x00000000a0000000,0x00000000a0e7c5c0,0x00000000a1c00000)
 Metaspace       used 34616K, capacity 35250K, committed 35456K, reserved 1079296K
  class space    used 4662K, capacity 4878K, committed 4992K, reserved 1048576K
Event: 23.394 GC heap after
Heap after GC invocations=17 (full 2):
 PSYoungGen      total 62464K, used 0K [0x00000000e0000000, 0x00000000e5c80000, 0x0000000100000000)
  eden space 55808K, 0% used [0x00000000e0000000,0x00000000e0000000,0x00000000e3680000)
  from space 6656K, 0% used [0x00000000e3680000,0x00000000e3680000,0x00000000e3d00000)
  to   space 6656K, 0% used [0x00000000e5600000,0x00000000e5600000,0x00000000e5c80000)
 ParOldGen       total 41984K, used 14999K [0x00000000a0000000, 0x00000000a2900000, 0x00000000e0000000)
  object space 41984K, 35% used [0x00000000a0000000,0x00000000a0ea5ff8,0x00000000a2900000)
 Metaspace       used 34616K, capacity 35250K, committed 35456K, reserved 1079296K
  class space    used 4662K, capacity 4878K, committed 4992K, reserved 1048576K
}
Event: 25.409 GC heap before
{Heap before GC invocations=18 (full 2):
 PSYoungGen      total 62464K, used 55808K [0x00000000e0000000, 0x00000000e5c80000, 0x0000000100000000)
  eden space 55808K, 100% used [0x00000000e0000000,0x00000000e3680000,0x00000000e3680000)
  from space 6656K, 0% used [0x00000000e3680000,0x00000000e3680000,0x00000000e3d00000)
  to   space 6656K, 0% used [0x00000000e5600000,0x00000000e5600000,0x00000000e5c80000)
 ParOldGen       total 41984K, used 14999K [0x00000000a0000000, 0x00000000a2900000, 0x00000000e0000000)
  object space 41984K, 35% used [0x00000000a0000000,0x00000000a0ea5ff8,0x00000000a2900000)
 Metaspace       used 37666K, capacity 38450K, committed 38656K, reserved 1083392K
  class space    used 5064K, capacity 5291K, committed 5376K, reserved 1048576K
Event: 25.419 GC heap after
Heap after GC invocations=18 (full 2):
 PSYoungGen      total 83456K, used 6364K [0x00000000e0000000, 0x00000000e5c80000, 0x0000000100000000)
  eden space 76800K, 0% used [0x00000000e0000000,0x00000000e0000000,0x00000000e4b00000)
  from space 6656K, 95% used [0x00000000e5600000,0x00000000e5c37118,0x00000000e5c80000)
  to   space 7680K, 0% used [0x00000000e4d80000,0x00000000e4d80000,0x00000000e5500000)
 ParOldGen       total 41984K, used 15007K [0x00000000a0000000, 0x00000000a2900000, 0x00000000e0000000)
  object space 41984K, 35% used [0x00000000a0000000,0x00000000a0ea7ff8,0x00000000a2900000)
 Metaspace       used 37666K, capacity 38450K, committed 38656K, reserved 1083392K
  class space    used 5064K, capacity 5291K, committed 5376K, reserved 1048576K
}
Event: 34.063 GC heap before
{Heap before GC invocations=19 (full 2):
 PSYoungGen      total 83456K, used 83164K [0x00000000e0000000, 0x00000000e5c80000, 0x0000000100000000)
  eden space 76800K, 100% used [0x00000000e0000000,0x00000000e4b00000,0x00000000e4b00000)
  from space 6656K, 95% used [0x00000000e5600000,0x00000000e5c37118,0x00000000e5c80000)
  to   space 7680K, 0% used [0x00000000e4d80000,0x00000000e4d80000,0x00000000e5500000)
 ParOldGen       total 41984K, used 15007K [0x00000000a0000000, 0x00000000a2900000, 0x00000000e0000000)
  object space 41984K, 35% used [0x00000000a0000000,0x00000000a0ea7ff8,0x00000000a2900000)
 Metaspace       used 43238K, capacity 44246K, committed 44544K, reserved 1087488K
  class space    used 5819K, capacity 6099K, committed 6144K, reserved 1048576K
Event: 34.079 GC heap after
Heap after GC invocations=19 (full 2):
 PSYoungGen      total 87040K, used 5948K [0x00000000e0000000, 0x00000000e6c00000, 0x0000000100000000)
  eden space 79360K, 0% used [0x00000000e0000000,0x00000000e0000000,0x00000000e4d80000)
  from space 7680K, 77% used [0x00000000e4d80000,0x00000000e534f238,0x00000000e5500000)
  to   space 8192K, 0% used [0x00000000e6400000,0x00000000e6400000,0x00000000e6c00000)
 ParOldGen       total 41984K, used 19439K [0x00000000a0000000, 0x00000000a2900000, 0x00000000e0000000)
  object space 41984K, 46% used [0x00000000a0000000,0x00000000a12fbd88,0x00000000a2900000)
 Metaspace       used 43238K, capacity 44246K, committed 44544K, reserved 1087488K
  class space    used 5819K, capacity 6099K, committed 6144K, reserved 1048576K
}
Event: 38.385 GC heap before
{Heap before GC invocations=20 (full 2):
 PSYoungGen      total 87040K, used 85308K [0x00000000e0000000, 0x00000000e6c00000, 0x0000000100000000)
  eden space 79360K, 100% used [0x00000000e0000000,0x00000000e4d80000,0x00000000e4d80000)
  from space 7680K, 77% used [0x00000000e4d80000,0x00000000e534f238,0x00000000e5500000)
  to   space 8192K, 0% used [0x00000000e6400000,0x00000000e6400000,0x00000000e6c00000)
 ParOldGen       total 41984K, used 19439K [0x00000000a0000000, 0x00000000a2900000, 0x00000000e0000000)
  object space 41984K, 46% used [0x00000000a0000000,0x00000000a12fbd88,0x00000000a2900000)
 Metaspace       used 47884K, capacity 49498K, committed 49664K, reserved 1091584K
  class space    used 6517K, capacity 6847K, committed 6912K, reserved 1048576K
Event: 38.408 GC heap after
Heap after GC invocations=20 (full 2):
 PSYoungGen      total 99840K, used 8188K [0x00000000e0000000, 0x00000000e7300000, 0x0000000100000000)
  eden space 91648K, 0% used [0x00000000e0000000,0x00000000e0000000,0x00000000e5980000)
  from space 8192K, 99% used [0x00000000e6400000,0x00000000e6bff250,0x00000000e6c00000)
  to   space 10752K, 0% used [0x00000000e5980000,0x00000000e5980000,0x00000000e6400000)
 ParOldGen       total 41984K, used 23437K [0x00000000a0000000, 0x00000000a2900000, 0x00000000e0000000)
  object space 41984K, 55% used [0x00000000a0000000,0x00000000a16e3758,0x00000000a2900000)
 Metaspace       used 47884K, capacity 49498K, committed 49664K, reserved 1091584K
  class space    used 6517K, capacity 6847K, committed 6912K, reserved 1048576K
}

